{"C:\\Users\\arthu\\OneDrive\\Área de Trabalho\\Programaçao\\LibOnline\\Backend\\src\\db.js": {"path":"C:\\Users\\arthu\\OneDrive\\Área de Trabalho\\Programaçao\\LibOnline\\Backend\\src\\db.js","statementMap":{"0":{"start":{"line":1,"column":14},"end":{"line":1,"column":31}},"1":{"start":{"line":2,"column":0},"end":{"line":2,"column":55}},"2":{"start":{"line":4,"column":13},"end":{"line":14,"column":2}},"3":{"start":{"line":16,"column":0},"end":{"line":25,"column":1}},"4":{"start":{"line":17,"column":2},"end":{"line":24,"column":5}},"5":{"start":{"line":18,"column":4},"end":{"line":23,"column":5}},"6":{"start":{"line":19,"column":6},"end":{"line":19,"column":63}},"7":{"start":{"line":21,"column":6},"end":{"line":21,"column":72}},"8":{"start":{"line":22,"column":6},"end":{"line":22,"column":21}},"9":{"start":{"line":27,"column":0},"end":{"line":27,"column":22}}},"fnMap":{"0":{"name":"(anonymous_0)","decl":{"start":{"line":17,"column":21},"end":{"line":17,"column":22}},"loc":{"start":{"line":17,"column":36},"end":{"line":24,"column":3}},"line":17}},"branchMap":{"0":{"loc":{"start":{"line":16,"column":0},"end":{"line":25,"column":1}},"type":"if","locations":[{"start":{"line":16,"column":0},"end":{"line":25,"column":1}},{"start":{},"end":{}}],"line":16},"1":{"loc":{"start":{"line":18,"column":4},"end":{"line":23,"column":5}},"type":"if","locations":[{"start":{"line":18,"column":4},"end":{"line":23,"column":5}},{"start":{"line":20,"column":11},"end":{"line":23,"column":5}}],"line":18}},"s":{"0":3,"1":3,"2":3,"3":3,"4":0,"5":0,"6":0,"7":0,"8":0,"9":3},"f":{"0":0},"b":{"0":[0,3],"1":[0,0]},"_coverageSchema":"1a1c01bbd47fc00a2c39e90264f33305004495a9","hash":"401901ada1b5aa8f1b0862b5b16f8b6112f7fc15"}
,"C:\\Users\\arthu\\OneDrive\\Área de Trabalho\\Programaçao\\LibOnline\\Backend\\src\\persistance\\persistanceLivros.js": {"path":"C:\\Users\\arthu\\OneDrive\\Área de Trabalho\\Programaçao\\LibOnline\\Backend\\src\\persistance\\persistanceLivros.js","statementMap":{"0":{"start":{"line":1,"column":11},"end":{"line":1,"column":27}},"1":{"start":{"line":4,"column":2},"end":{"line":16,"column":5}},"2":{"start":{"line":6,"column":6},"end":{"line":6,"column":84}},"3":{"start":{"line":7,"column":20},"end":{"line":7,"column":52}},"4":{"start":{"line":9,"column":4},"end":{"line":15,"column":7}},"5":{"start":{"line":10,"column":6},"end":{"line":13,"column":7}},"6":{"start":{"line":11,"column":8},"end":{"line":11,"column":25}},"7":{"start":{"line":12,"column":8},"end":{"line":12,"column":15}},"8":{"start":{"line":14,"column":6},"end":{"line":14,"column":22}},"9":{"start":{"line":20,"column":2},"end":{"line":29,"column":5}},"10":{"start":{"line":21,"column":18},"end":{"line":21,"column":49}},"11":{"start":{"line":22,"column":4},"end":{"line":28,"column":7}},"12":{"start":{"line":23,"column":6},"end":{"line":26,"column":7}},"13":{"start":{"line":24,"column":8},"end":{"line":24,"column":25}},"14":{"start":{"line":25,"column":8},"end":{"line":25,"column":15}},"15":{"start":{"line":27,"column":6},"end":{"line":27,"column":22}},"16":{"start":{"line":33,"column":2},"end":{"line":43,"column":5}},"17":{"start":{"line":35,"column":6},"end":{"line":35,"column":74}},"18":{"start":{"line":36,"column":4},"end":{"line":42,"column":7}},"19":{"start":{"line":37,"column":6},"end":{"line":40,"column":7}},"20":{"start":{"line":38,"column":8},"end":{"line":38,"column":25}},"21":{"start":{"line":39,"column":8},"end":{"line":39,"column":15}},"22":{"start":{"line":41,"column":6},"end":{"line":41,"column":22}},"23":{"start":{"line":47,"column":2},"end":{"line":57,"column":5}},"24":{"start":{"line":49,"column":6},"end":{"line":49,"column":85}},"25":{"start":{"line":50,"column":4},"end":{"line":56,"column":7}},"26":{"start":{"line":51,"column":6},"end":{"line":54,"column":7}},"27":{"start":{"line":52,"column":8},"end":{"line":52,"column":25}},"28":{"start":{"line":53,"column":8},"end":{"line":53,"column":15}},"29":{"start":{"line":55,"column":6},"end":{"line":55,"column":22}},"30":{"start":{"line":61,"column":2},"end":{"line":76,"column":5}},"31":{"start":{"line":62,"column":18},"end":{"line":62,"column":61}},"32":{"start":{"line":63,"column":4},"end":{"line":75,"column":7}},"33":{"start":{"line":64,"column":6},"end":{"line":67,"column":7}},"34":{"start":{"line":65,"column":8},"end":{"line":65,"column":25}},"35":{"start":{"line":66,"column":8},"end":{"line":66,"column":15}},"36":{"start":{"line":69,"column":6},"end":{"line":72,"column":7}},"37":{"start":{"line":70,"column":8},"end":{"line":70,"column":53}},"38":{"start":{"line":71,"column":8},"end":{"line":71,"column":15}},"39":{"start":{"line":74,"column":6},"end":{"line":74,"column":22}},"40":{"start":{"line":81,"column":2},"end":{"line":91,"column":5}},"41":{"start":{"line":83,"column":6},"end":{"line":83,"column":86}},"42":{"start":{"line":84,"column":4},"end":{"line":90,"column":7}},"43":{"start":{"line":85,"column":6},"end":{"line":88,"column":7}},"44":{"start":{"line":86,"column":8},"end":{"line":86,"column":25}},"45":{"start":{"line":87,"column":8},"end":{"line":87,"column":15}},"46":{"start":{"line":89,"column":6},"end":{"line":89,"column":22}},"47":{"start":{"line":94,"column":0},"end":{"line":101,"column":2}}},"fnMap":{"0":{"name":"cadastro","decl":{"start":{"line":3,"column":15},"end":{"line":3,"column":23}},"loc":{"start":{"line":3,"column":56},"end":{"line":17,"column":1}},"line":3},"1":{"name":"(anonymous_1)","decl":{"start":{"line":4,"column":21},"end":{"line":4,"column":22}},"loc":{"start":{"line":4,"column":44},"end":{"line":16,"column":3}},"line":4},"2":{"name":"(anonymous_2)","decl":{"start":{"line":9,"column":29},"end":{"line":9,"column":30}},"loc":{"start":{"line":9,"column":49},"end":{"line":15,"column":5}},"line":9},"3":{"name":"listagem","decl":{"start":{"line":19,"column":15},"end":{"line":19,"column":23}},"loc":{"start":{"line":19,"column":26},"end":{"line":30,"column":1}},"line":19},"4":{"name":"(anonymous_4)","decl":{"start":{"line":20,"column":21},"end":{"line":20,"column":22}},"loc":{"start":{"line":20,"column":44},"end":{"line":29,"column":3}},"line":20},"5":{"name":"(anonymous_5)","decl":{"start":{"line":22,"column":20},"end":{"line":22,"column":21}},"loc":{"start":{"line":22,"column":40},"end":{"line":28,"column":5}},"line":22},"6":{"name":"listagemUnica","decl":{"start":{"line":32,"column":15},"end":{"line":32,"column":28}},"loc":{"start":{"line":32,"column":33},"end":{"line":44,"column":1}},"line":32},"7":{"name":"(anonymous_7)","decl":{"start":{"line":33,"column":21},"end":{"line":33,"column":22}},"loc":{"start":{"line":33,"column":44},"end":{"line":43,"column":3}},"line":33},"8":{"name":"(anonymous_8)","decl":{"start":{"line":36,"column":24},"end":{"line":36,"column":25}},"loc":{"start":{"line":36,"column":44},"end":{"line":42,"column":5}},"line":36},"9":{"name":"editar","decl":{"start":{"line":46,"column":15},"end":{"line":46,"column":21}},"loc":{"start":{"line":46,"column":29},"end":{"line":58,"column":1}},"line":46},"10":{"name":"(anonymous_10)","decl":{"start":{"line":47,"column":21},"end":{"line":47,"column":22}},"loc":{"start":{"line":47,"column":44},"end":{"line":57,"column":3}},"line":47},"11":{"name":"(anonymous_11)","decl":{"start":{"line":50,"column":27},"end":{"line":50,"column":28}},"loc":{"start":{"line":50,"column":47},"end":{"line":56,"column":5}},"line":50},"12":{"name":"deletar","decl":{"start":{"line":60,"column":15},"end":{"line":60,"column":22}},"loc":{"start":{"line":60,"column":27},"end":{"line":77,"column":1}},"line":60},"13":{"name":"(anonymous_13)","decl":{"start":{"line":61,"column":21},"end":{"line":61,"column":22}},"loc":{"start":{"line":61,"column":44},"end":{"line":76,"column":3}},"line":61},"14":{"name":"(anonymous_14)","decl":{"start":{"line":63,"column":26},"end":{"line":63,"column":27}},"loc":{"start":{"line":63,"column":46},"end":{"line":75,"column":5}},"line":63},"15":{"name":"verificaSeLivroJaExiste","decl":{"start":{"line":80,"column":15},"end":{"line":80,"column":38}},"loc":{"start":{"line":80,"column":45},"end":{"line":92,"column":1}},"line":80},"16":{"name":"(anonymous_16)","decl":{"start":{"line":81,"column":21},"end":{"line":81,"column":22}},"loc":{"start":{"line":81,"column":44},"end":{"line":91,"column":3}},"line":81},"17":{"name":"(anonymous_17)","decl":{"start":{"line":84,"column":26},"end":{"line":84,"column":27}},"loc":{"start":{"line":84,"column":46},"end":{"line":90,"column":5}},"line":84}},"branchMap":{"0":{"loc":{"start":{"line":10,"column":6},"end":{"line":13,"column":7}},"type":"if","locations":[{"start":{"line":10,"column":6},"end":{"line":13,"column":7}},{"start":{},"end":{}}],"line":10},"1":{"loc":{"start":{"line":23,"column":6},"end":{"line":26,"column":7}},"type":"if","locations":[{"start":{"line":23,"column":6},"end":{"line":26,"column":7}},{"start":{},"end":{}}],"line":23},"2":{"loc":{"start":{"line":37,"column":6},"end":{"line":40,"column":7}},"type":"if","locations":[{"start":{"line":37,"column":6},"end":{"line":40,"column":7}},{"start":{},"end":{}}],"line":37},"3":{"loc":{"start":{"line":51,"column":6},"end":{"line":54,"column":7}},"type":"if","locations":[{"start":{"line":51,"column":6},"end":{"line":54,"column":7}},{"start":{},"end":{}}],"line":51},"4":{"loc":{"start":{"line":64,"column":6},"end":{"line":67,"column":7}},"type":"if","locations":[{"start":{"line":64,"column":6},"end":{"line":67,"column":7}},{"start":{},"end":{}}],"line":64},"5":{"loc":{"start":{"line":69,"column":6},"end":{"line":72,"column":7}},"type":"if","locations":[{"start":{"line":69,"column":6},"end":{"line":72,"column":7}},{"start":{},"end":{}}],"line":69},"6":{"loc":{"start":{"line":85,"column":6},"end":{"line":88,"column":7}},"type":"if","locations":[{"start":{"line":85,"column":6},"end":{"line":88,"column":7}},{"start":{},"end":{}}],"line":85}},"s":{"0":3,"1":2,"2":2,"3":2,"4":2,"5":2,"6":1,"7":1,"8":1,"9":2,"10":2,"11":2,"12":2,"13":1,"14":1,"15":1,"16":0,"17":0,"18":0,"19":0,"20":0,"21":0,"22":0,"23":0,"24":0,"25":0,"26":0,"27":0,"28":0,"29":0,"30":3,"31":3,"32":3,"33":3,"34":1,"35":1,"36":2,"37":1,"38":1,"39":1,"40":0,"41":0,"42":0,"43":0,"44":0,"45":0,"46":0,"47":3},"f":{"0":2,"1":2,"2":2,"3":2,"4":2,"5":2,"6":0,"7":0,"8":0,"9":0,"10":0,"11":0,"12":3,"13":3,"14":3,"15":0,"16":0,"17":0},"b":{"0":[1,1],"1":[1,1],"2":[0,0],"3":[0,0],"4":[1,2],"5":[1,1],"6":[0,0]},"_coverageSchema":"1a1c01bbd47fc00a2c39e90264f33305004495a9","hash":"7f1537634e041794cb6f2c952cd75fe8cadecef4"}
}
