TN:
SF:src\db.js
FN:17,(anonymous_0)
FNF:1
FNH:0
FNDA:0,(anonymous_0)
DA:1,3
DA:2,3
DA:4,3
DA:16,3
DA:17,0
DA:18,0
DA:19,0
DA:21,0
DA:22,0
DA:27,3
LF:10
LH:5
BRDA:16,0,0,0
BRDA:16,0,1,3
BRDA:18,1,0,0
BRDA:18,1,1,0
BRF:4
BRH:1
end_of_record
TN:
SF:src\persistance\persistanceLivros.js
FN:3,cadastro
FN:4,(anonymous_1)
FN:9,(anonymous_2)
FN:19,listagem
FN:20,(anonymous_4)
FN:22,(anonymous_5)
FN:32,listagemUnica
FN:33,(anonymous_7)
FN:36,(anonymous_8)
FN:46,editar
FN:47,(anonymous_10)
FN:50,(anonymous_11)
FN:60,deletar
FN:61,(anonymous_13)
FN:63,(anonymous_14)
FN:80,verificaSeLivroJaExiste
FN:81,(anonymous_16)
FN:84,(anonymous_17)
FNF:18
FNH:9
FNDA:2,cadastro
FNDA:2,(anonymous_1)
FNDA:2,(anonymous_2)
FNDA:2,listagem
FNDA:2,(anonymous_4)
FNDA:2,(anonymous_5)
FNDA:0,listagemUnica
FNDA:0,(anonymous_7)
FNDA:0,(anonymous_8)
FNDA:0,editar
FNDA:0,(anonymous_10)
FNDA:0,(anonymous_11)
FNDA:3,deletar
FNDA:3,(anonymous_13)
FNDA:3,(anonymous_14)
FNDA:0,verificaSeLivroJaExiste
FNDA:0,(anonymous_16)
FNDA:0,(anonymous_17)
DA:1,3
DA:4,2
DA:6,2
DA:7,2
DA:9,2
DA:10,2
DA:11,1
DA:12,1
DA:14,1
DA:20,2
DA:21,2
DA:22,2
DA:23,2
DA:24,1
DA:25,1
DA:27,1
DA:33,0
DA:35,0
DA:36,0
DA:37,0
DA:38,0
DA:39,0
DA:41,0
DA:47,0
DA:49,0
DA:50,0
DA:51,0
DA:52,0
DA:53,0
DA:55,0
DA:61,3
DA:62,3
DA:63,3
DA:64,3
DA:65,1
DA:66,1
DA:69,2
DA:70,1
DA:71,1
DA:74,1
DA:81,0
DA:83,0
DA:84,0
DA:85,0
DA:86,0
DA:87,0
DA:89,0
DA:94,3
LF:48
LH:27
BRDA:10,0,0,1
BRDA:10,0,1,1
BRDA:23,1,0,1
BRDA:23,1,1,1
BRDA:37,2,0,0
BRDA:37,2,1,0
BRDA:51,3,0,0
BRDA:51,3,1,0
BRDA:64,4,0,1
BRDA:64,4,1,2
BRDA:69,5,0,1
BRDA:69,5,1,1
BRDA:85,6,0,0
BRDA:85,6,1,0
BRF:14
BRH:8
end_of_record
